<?xml version="1.0" encoding="UTF-8"?>
<testng-results ignored="0" total="13" passed="12" failed="1" skipped="0">
  <reporter-output>
    <line>
      <![CDATA[Chrome browser launching]]>
    </line>
    <line>
      <![CDATA[Successfully logged in Hi Sathiyaa]]>
    </line>
    <line>
      <![CDATA[Listener:Test is Pass]]>
    </line>
    <line>
      <![CDATA[Chrome browser launching]]>
    </line>
    <line>
      <![CDATA[Listener:Test is Pass]]>
    </line>
    <line>
      <![CDATA[Chrome browser launching]]>
    </line>
    <line>
      <![CDATA[One way selecte]]>
    </line>
    <line>
      <![CDATA[Source city: Dubai]]>
    </line>
    <line>
      <![CDATA[Destination city: Chennai]]>
    </line>
    <line>
      <![CDATA[Listener:Test is Pass]]>
    </line>
    <line>
      <![CDATA[Chrome browser launching]]>
    </line>
    <line>
      <![CDATA[Round trip is selected]]>
    </line>
    <line>
      <![CDATA[Source city: Chennai]]>
    </line>
    <line>
      <![CDATA[Destination city: Dubai]]>
    </line>
    <line>
      <![CDATA[Listener:Test is Pass]]>
    </line>
    <line>
      <![CDATA[Chrome browser launching]]>
    </line>
    <line>
      <![CDATA[One way selecte]]>
    </line>
    <line>
      <![CDATA[Source city: Chennai]]>
    </line>
    <line>
      <![CDATA[Destination city: Mumbai]]>
    </line>
    <line>
      <![CDATA[Economy selected]]>
    </line>
    <line>
      <![CDATA[Economy class results validated successfully.]]>
    </line>
    <line>
      <![CDATA[Listener:Test is Pass]]>
    </line>
    <line>
      <![CDATA[Chrome browser launching]]>
    </line>
    <line>
      <![CDATA[MutliCity Select]]>
    </line>
    <line>
      <![CDATA[First Source to Destination city Chennai toDubai]]>
    </line>
    <line>
      <![CDATA[Second Source to Destination city Dubai toChennai]]>
    </line>
    <line>
      <![CDATA[Listener:Test is Pass]]>
    </line>
    <line>
      <![CDATA[Chrome browser launching]]>
    </line>
    <line>
      <![CDATA[One way selecte]]>
    </line>
    <line>
      <![CDATA[Source city: Bengaluru]]>
    </line>
    <line>
      <![CDATA[Destination city: Chennai]]>
    </line>
    <line>
      <![CDATA[switched to child window]]>
    </line>
    <line>
      <![CDATA[Listener:Test is Fail]]>
    </line>
    <line>
      <![CDATA[Chrome browser launching]]>
    </line>
    <line>
      <![CDATA[One way selecte]]>
    </line>
    <line>
      <![CDATA[Source city: Chennai]]>
    </line>
    <line>
      <![CDATA[Destination city: Mumbai]]>
    </line>
    <line>
      <![CDATA[2Passanger selected]]>
    </line>
    <line>
      <![CDATA[Listener:Test is Pass]]>
    </line>
    <line>
      <![CDATA[Chrome browser launching]]>
    </line>
    <line>
      <![CDATA[One way selecte]]>
    </line>
    <line>
      <![CDATA[Source city: Chennai]]>
    </line>
    <line>
      <![CDATA[Destination city: toronto]]>
    </line>
    <line>
      <![CDATA[flightDetails]]>
    </line>
    <line>
      <![CDATA[FareSummary]]>
    </line>
    <line>
      <![CDATA[cancellation]]>
    </line>
    <line>
      <![CDATA[Listener:Test is Pass]]>
    </line>
    <line>
      <![CDATA[Chrome browser launching]]>
    </line>
    <line>
      <![CDATA[One way selecte]]>
    </line>
    <line>
      <![CDATA[Source city: Dubai]]>
    </line>
    <line>
      <![CDATA[Destination city: Chennai]]>
    </line>
    <line>
      <![CDATA[switched to child window]]>
    </line>
    <line>
      <![CDATA[Listener:Test is Pass]]>
    </line>
    <line>
      <![CDATA[Chrome browser launching]]>
    </line>
    <line>
      <![CDATA[Listener:Test is Pass]]>
    </line>
    <line>
      <![CDATA[Chrome browser launching]]>
    </line>
    <line>
      <![CDATA[One way selecte]]>
    </line>
    <line>
      <![CDATA[Source city: Dubai]]>
    </line>
    <line>
      <![CDATA[Destination city: Chennai]]>
    </line>
    <line>
      <![CDATA[switched to child window]]>
    </line>
    <line>
      <![CDATA[Verified promo codes]]>
    </line>
    <line>
      <![CDATA[Listener:Test is Pass]]>
    </line>
    <line>
      <![CDATA[Chrome browser launching]]>
    </line>
    <line>
      <![CDATA[Round trip is selected]]>
    </line>
    <line>
      <![CDATA[Source city: Chennai]]>
    </line>
    <line>
      <![CDATA[Destination city: Mumbai]]>
    </line>
    <line>
      <![CDATA[Listener:Test is Pass]]>
    </line>
  </reporter-output>
  <suite started-at="2025-07-03T22:47:30 EDT" name="MMT Suite" finished-at="2025-07-03T22:52:03 EDT" duration-ms="273526">
    <groups>
    </groups>
    <test started-at="2025-07-03T22:47:30 EDT" name="AirlineTest" finished-at="2025-07-03T22:52:03 EDT" duration-ms="273526">
      <class name="AirlineTestPkge.TC10_ValidateFlightInformation">
        <test-method is-config="true" signature="browserlaunch(java.lang.String)[pri:0, instance:AirlineTestPkge.TC10_ValidateFlightInformation@1f2586d6]" started-at="2025-07-03T22:49:53 EDT" name="browserlaunch" finished-at="2025-07-03T22:49:58 EDT" duration-ms="4191" status="PASS">
          <params>
            <param index="0">
              <value>
                <![CDATA[Chrome]]>
              </value>
            </param>
          </params>
          <reporter-output>
            <line>
              <![CDATA[Chrome browser launching]]>
            </line>
          </reporter-output>
        </test-method> <!-- browserlaunch -->
        <test-method signature="TC10ValidateFlightInformation()[pri:0, instance:AirlineTestPkge.TC10_ValidateFlightInformation@1f2586d6]" started-at="2025-07-03T22:49:58 EDT" name="TC10ValidateFlightInformation" finished-at="2025-07-03T22:50:17 EDT" duration-ms="19646" status="PASS">
          <reporter-output>
            <line>
              <![CDATA[One way selecte]]>
            </line>
            <line>
              <![CDATA[Source city: Chennai]]>
            </line>
            <line>
              <![CDATA[Destination city: toronto]]>
            </line>
            <line>
              <![CDATA[flightDetails]]>
            </line>
            <line>
              <![CDATA[FareSummary]]>
            </line>
            <line>
              <![CDATA[cancellation]]>
            </line>
            <line>
              <![CDATA[Listener:Test is Pass]]>
            </line>
          </reporter-output>
        </test-method> <!-- TC10ValidateFlightInformation -->
        <test-method is-config="true" signature="browserquit()[pri:0, instance:AirlineTestPkge.TC10_ValidateFlightInformation@1f2586d6]" started-at="2025-07-03T22:50:17 EDT" name="browserquit" finished-at="2025-07-03T22:50:18 EDT" duration-ms="500" status="PASS">
          <reporter-output>
          </reporter-output>
        </test-method> <!-- browserquit -->
      </class> <!-- AirlineTestPkge.TC10_ValidateFlightInformation -->
      <class name="AirlineTestPkge.TC3_InvalidLoginPage">
        <test-method is-config="true" signature="browserlaunch(java.lang.String)[pri:0, instance:AirlineTestPkge.TC3_InvalidLoginPage@1573f9fc]" started-at="2025-07-03T22:47:48 EDT" name="browserlaunch" finished-at="2025-07-03T22:47:52 EDT" duration-ms="3856" status="PASS">
          <params>
            <param index="0">
              <value>
                <![CDATA[Chrome]]>
              </value>
            </param>
          </params>
          <reporter-output>
            <line>
              <![CDATA[Chrome browser launching]]>
            </line>
          </reporter-output>
        </test-method> <!-- browserlaunch -->
        <test-method signature="testAirlineLoginPage2(java.lang.String,java.lang.String)[pri:0, instance:AirlineTestPkge.TC3_InvalidLoginPage@1573f9fc]" started-at="2025-07-03T22:47:52 EDT" name="testAirlineLoginPage2" data-provider="logindata" finished-at="2025-07-03T22:47:55 EDT" duration-ms="2832" status="PASS">
          <params>
            <param index="0">
              <value>
                <![CDATA[437366122]]>
              </value>
            </param>
            <param index="1">
              <value>
                <![CDATA[Jasnu@1223]]>
              </value>
            </param>
          </params>
          <reporter-output>
            <line>
              <![CDATA[Listener:Test is Pass]]>
            </line>
          </reporter-output>
        </test-method> <!-- testAirlineLoginPage2 -->
        <test-method is-config="true" signature="browserquit()[pri:0, instance:AirlineTestPkge.TC3_InvalidLoginPage@1573f9fc]" started-at="2025-07-03T22:47:55 EDT" name="browserquit" finished-at="2025-07-03T22:47:56 EDT" duration-ms="505" status="PASS">
          <reporter-output>
          </reporter-output>
        </test-method> <!-- browserquit -->
      </class> <!-- AirlineTestPkge.TC3_InvalidLoginPage -->
      <class name="AirlineTestPkge.TC14_DomesticRoundTrip">
        <test-method is-config="true" signature="browserlaunch(java.lang.String)[pri:0, instance:AirlineTestPkge.TC14_DomesticRoundTrip@6989da5e]" started-at="2025-07-03T22:51:47 EDT" name="browserlaunch" finished-at="2025-07-03T22:51:51 EDT" duration-ms="4638" status="PASS">
          <params>
            <param index="0">
              <value>
                <![CDATA[Chrome]]>
              </value>
            </param>
          </params>
          <reporter-output>
            <line>
              <![CDATA[Chrome browser launching]]>
            </line>
          </reporter-output>
        </test-method> <!-- browserlaunch -->
        <test-method signature="DomesticRoundTripPage()[pri:0, instance:AirlineTestPkge.TC14_DomesticRoundTrip@6989da5e]" started-at="2025-07-03T22:51:51 EDT" name="DomesticRoundTripPage" finished-at="2025-07-03T22:52:03 EDT" duration-ms="11034" status="PASS">
          <reporter-output>
            <line>
              <![CDATA[Round trip is selected]]>
            </line>
            <line>
              <![CDATA[Source city: Chennai]]>
            </line>
            <line>
              <![CDATA[Destination city: Mumbai]]>
            </line>
            <line>
              <![CDATA[Listener:Test is Pass]]>
            </line>
          </reporter-output>
        </test-method> <!-- DomesticRoundTripPage -->
        <test-method is-config="true" signature="browserquit()[pri:0, instance:AirlineTestPkge.TC14_DomesticRoundTrip@6989da5e]" started-at="2025-07-03T22:52:03 EDT" name="browserquit" finished-at="2025-07-03T22:52:03 EDT" duration-ms="328" status="PASS">
          <reporter-output>
          </reporter-output>
        </test-method> <!-- browserquit -->
      </class> <!-- AirlineTestPkge.TC14_DomesticRoundTrip -->
      <class name="AirlineTestPkge.TC9_PassangerMultiplePage2">
        <test-method is-config="true" signature="browserlaunch(java.lang.String)[pri:0, instance:AirlineTestPkge.TC9_PassangerMultiplePage2@2f4948e4]" started-at="2025-07-03T22:49:39 EDT" name="browserlaunch" finished-at="2025-07-03T22:49:43 EDT" duration-ms="4337" status="PASS">
          <params>
            <param index="0">
              <value>
                <![CDATA[Chrome]]>
              </value>
            </param>
          </params>
          <reporter-output>
            <line>
              <![CDATA[Chrome browser launching]]>
            </line>
          </reporter-output>
        </test-method> <!-- browserlaunch -->
        <test-method signature="TC9MultPassngSigleBooking()[pri:0, instance:AirlineTestPkge.TC9_PassangerMultiplePage2@2f4948e4]" started-at="2025-07-03T22:49:43 EDT" name="TC9MultPassngSigleBooking" finished-at="2025-07-03T22:49:53 EDT" duration-ms="9300" status="PASS">
          <reporter-output>
            <line>
              <![CDATA[One way selecte]]>
            </line>
            <line>
              <![CDATA[Source city: Chennai]]>
            </line>
            <line>
              <![CDATA[Destination city: Mumbai]]>
            </line>
            <line>
              <![CDATA[2Passanger selected]]>
            </line>
            <line>
              <![CDATA[Listener:Test is Pass]]>
            </line>
          </reporter-output>
        </test-method> <!-- TC9MultPassngSigleBooking -->
        <test-method is-config="true" signature="browserquit()[pri:0, instance:AirlineTestPkge.TC9_PassangerMultiplePage2@2f4948e4]" started-at="2025-07-03T22:49:53 EDT" name="browserquit" finished-at="2025-07-03T22:49:53 EDT" duration-ms="473" status="PASS">
          <reporter-output>
          </reporter-output>
        </test-method> <!-- browserquit -->
      </class> <!-- AirlineTestPkge.TC9_PassangerMultiplePage2 -->
      <class name="AirlineTestPkge.TC5_RoundTripPage">
        <test-method is-config="true" signature="browserlaunch(java.lang.String)[pri:0, instance:AirlineTestPkge.TC5_RoundTripPage@44c03695]" started-at="2025-07-03T22:48:10 EDT" name="browserlaunch" finished-at="2025-07-03T22:48:15 EDT" duration-ms="4484" status="PASS">
          <params>
            <param index="0">
              <value>
                <![CDATA[Chrome]]>
              </value>
            </param>
          </params>
          <reporter-output>
            <line>
              <![CDATA[Chrome browser launching]]>
            </line>
          </reporter-output>
        </test-method> <!-- browserlaunch -->
        <test-method signature="RoundTripPage()[pri:0, instance:AirlineTestPkge.TC5_RoundTripPage@44c03695]" started-at="2025-07-03T22:48:15 EDT" name="RoundTripPage" finished-at="2025-07-03T22:48:26 EDT" duration-ms="11343" status="PASS">
          <reporter-output>
            <line>
              <![CDATA[Round trip is selected]]>
            </line>
            <line>
              <![CDATA[Source city: Chennai]]>
            </line>
            <line>
              <![CDATA[Destination city: Dubai]]>
            </line>
            <line>
              <![CDATA[Listener:Test is Pass]]>
            </line>
          </reporter-output>
        </test-method> <!-- RoundTripPage -->
        <test-method is-config="true" signature="browserquit()[pri:0, instance:AirlineTestPkge.TC5_RoundTripPage@44c03695]" started-at="2025-07-03T22:48:26 EDT" name="browserquit" finished-at="2025-07-03T22:48:27 EDT" duration-ms="443" status="PASS">
          <reporter-output>
          </reporter-output>
        </test-method> <!-- browserquit -->
      </class> <!-- AirlineTestPkge.TC5_RoundTripPage -->
      <class name="AirlineTestPkge.TC13_ApplyPromo">
        <test-method is-config="true" signature="browserlaunch(java.lang.String)[pri:0, instance:AirlineTestPkge.TC13_ApplyPromo@5aa9e4eb]" started-at="2025-07-03T22:51:19 EDT" name="browserlaunch" finished-at="2025-07-03T22:51:23 EDT" duration-ms="4890" status="PASS">
          <params>
            <param index="0">
              <value>
                <![CDATA[Chrome]]>
              </value>
            </param>
          </params>
          <reporter-output>
            <line>
              <![CDATA[Chrome browser launching]]>
            </line>
          </reporter-output>
        </test-method> <!-- browserlaunch -->
        <test-method signature="TC13ApplyPromo()[pri:0, instance:AirlineTestPkge.TC13_ApplyPromo@5aa9e4eb]" started-at="2025-07-03T22:51:23 EDT" name="TC13ApplyPromo" finished-at="2025-07-03T22:51:46 EDT" duration-ms="22727" status="PASS">
          <reporter-output>
            <line>
              <![CDATA[One way selecte]]>
            </line>
            <line>
              <![CDATA[Source city: Dubai]]>
            </line>
            <line>
              <![CDATA[Destination city: Chennai]]>
            </line>
            <line>
              <![CDATA[switched to child window]]>
            </line>
            <line>
              <![CDATA[Verified promo codes]]>
            </line>
            <line>
              <![CDATA[Listener:Test is Pass]]>
            </line>
          </reporter-output>
        </test-method> <!-- TC13ApplyPromo -->
        <test-method is-config="true" signature="browserquit()[pri:0, instance:AirlineTestPkge.TC13_ApplyPromo@5aa9e4eb]" started-at="2025-07-03T22:51:46 EDT" name="browserquit" finished-at="2025-07-03T22:51:47 EDT" duration-ms="399" status="PASS">
          <reporter-output>
          </reporter-output>
        </test-method> <!-- browserquit -->
      </class> <!-- AirlineTestPkge.TC13_ApplyPromo -->
      <class name="AirlineTestPkge.TC6_TravelClassPage">
        <test-method is-config="true" signature="browserlaunch(java.lang.String)[pri:0, instance:AirlineTestPkge.TC6_TravelClassPage@7e6f74c]" started-at="2025-07-03T22:48:27 EDT" name="browserlaunch" finished-at="2025-07-03T22:48:31 EDT" duration-ms="3862" status="PASS">
          <params>
            <param index="0">
              <value>
                <![CDATA[Chrome]]>
              </value>
            </param>
          </params>
          <reporter-output>
            <line>
              <![CDATA[Chrome browser launching]]>
            </line>
          </reporter-output>
        </test-method> <!-- browserlaunch -->
        <test-method signature="TC6TravelClassPage()[pri:0, instance:AirlineTestPkge.TC6_TravelClassPage@7e6f74c]" started-at="2025-07-03T22:48:31 EDT" name="TC6TravelClassPage" finished-at="2025-07-03T22:48:44 EDT" duration-ms="13742" status="PASS">
          <reporter-output>
            <line>
              <![CDATA[One way selecte]]>
            </line>
            <line>
              <![CDATA[Source city: Chennai]]>
            </line>
            <line>
              <![CDATA[Destination city: Mumbai]]>
            </line>
            <line>
              <![CDATA[Economy selected]]>
            </line>
            <line>
              <![CDATA[Economy class results validated successfully.]]>
            </line>
            <line>
              <![CDATA[Listener:Test is Pass]]>
            </line>
          </reporter-output>
        </test-method> <!-- TC6TravelClassPage -->
        <test-method is-config="true" signature="browserquit()[pri:0, instance:AirlineTestPkge.TC6_TravelClassPage@7e6f74c]" started-at="2025-07-03T22:48:45 EDT" name="browserquit" finished-at="2025-07-03T22:48:45 EDT" duration-ms="533" status="PASS">
          <reporter-output>
          </reporter-output>
        </test-method> <!-- browserquit -->
      </class> <!-- AirlineTestPkge.TC6_TravelClassPage -->
      <class name="AirlineTestPkge.TC2_Login2">
        <test-method is-config="true" signature="browserlaunch(java.lang.String)[pri:0, instance:AirlineTestPkge.TC2_Login2@77888435]" started-at="2025-07-03T22:47:30 EDT" name="browserlaunch" finished-at="2025-07-03T22:47:36 EDT" duration-ms="5758" status="PASS">
          <params>
            <param index="0">
              <value>
                <![CDATA[Chrome]]>
              </value>
            </param>
          </params>
          <reporter-output>
            <line>
              <![CDATA[Chrome browser launching]]>
            </line>
          </reporter-output>
        </test-method> <!-- browserlaunch -->
        <test-method signature="TC2_LoginwithvalidCred()[pri:0, instance:AirlineTestPkge.TC2_Login2@77888435]" started-at="2025-07-03T22:47:36 EDT" name="TC2_LoginwithvalidCred" finished-at="2025-07-03T22:47:45 EDT" duration-ms="9872" status="PASS">
          <reporter-output>
            <line>
              <![CDATA[Successfully logged in Hi Sathiyaa]]>
            </line>
            <line>
              <![CDATA[Listener:Test is Pass]]>
            </line>
          </reporter-output>
        </test-method> <!-- TC2_LoginwithvalidCred -->
        <test-method is-config="true" signature="browserquit()[pri:0, instance:AirlineTestPkge.TC2_Login2@77888435]" started-at="2025-07-03T22:47:46 EDT" name="browserquit" finished-at="2025-07-03T22:47:46 EDT" duration-ms="519" status="PASS">
          <reporter-output>
          </reporter-output>
        </test-method> <!-- browserquit -->
      </class> <!-- AirlineTestPkge.TC2_Login2 -->
      <class name="AirlineTestPkge.TC12_LoginLogout">
        <test-method is-config="true" signature="browserlaunch(java.lang.String)[pri:0, instance:AirlineTestPkge.TC12_LoginLogout@3fc2959f]" started-at="2025-07-03T22:50:44 EDT" name="browserlaunch" finished-at="2025-07-03T22:50:54 EDT" duration-ms="10299" status="PASS">
          <params>
            <param index="0">
              <value>
                <![CDATA[Chrome]]>
              </value>
            </param>
          </params>
          <reporter-output>
            <line>
              <![CDATA[Chrome browser launching]]>
            </line>
          </reporter-output>
        </test-method> <!-- browserlaunch -->
        <test-method signature="TC12LoginLogout()[pri:0, instance:AirlineTestPkge.TC12_LoginLogout@3fc2959f]" started-at="2025-07-03T22:50:54 EDT" name="TC12LoginLogout" finished-at="2025-07-03T22:51:18 EDT" duration-ms="23632" status="PASS">
          <reporter-output>
            <line>
              <![CDATA[Listener:Test is Pass]]>
            </line>
          </reporter-output>
        </test-method> <!-- TC12LoginLogout -->
        <test-method is-config="true" signature="browserquit()[pri:0, instance:AirlineTestPkge.TC12_LoginLogout@3fc2959f]" started-at="2025-07-03T22:51:18 EDT" name="browserquit" finished-at="2025-07-03T22:51:19 EDT" duration-ms="529" status="PASS">
          <reporter-output>
          </reporter-output>
        </test-method> <!-- browserquit -->
      </class> <!-- AirlineTestPkge.TC12_LoginLogout -->
      <class name="AirlineTestPkge.TC7_MutliCityPage">
        <test-method is-config="true" signature="browserlaunch(java.lang.String)[pri:0, instance:AirlineTestPkge.TC7_MutliCityPage@dd05255]" started-at="2025-07-03T22:48:45 EDT" name="browserlaunch" finished-at="2025-07-03T22:48:49 EDT" duration-ms="4135" status="PASS">
          <params>
            <param index="0">
              <value>
                <![CDATA[Chrome]]>
              </value>
            </param>
          </params>
          <reporter-output>
            <line>
              <![CDATA[Chrome browser launching]]>
            </line>
          </reporter-output>
        </test-method> <!-- browserlaunch -->
        <test-method signature="TC7MutliCityPage()[pri:0, instance:AirlineTestPkge.TC7_MutliCityPage@dd05255]" started-at="2025-07-03T22:48:49 EDT" name="TC7MutliCityPage" finished-at="2025-07-03T22:49:06 EDT" duration-ms="16311" status="PASS">
          <reporter-output>
            <line>
              <![CDATA[MutliCity Select]]>
            </line>
            <line>
              <![CDATA[First Source to Destination city Chennai toDubai]]>
            </line>
            <line>
              <![CDATA[Second Source to Destination city Dubai toChennai]]>
            </line>
            <line>
              <![CDATA[Listener:Test is Pass]]>
            </line>
          </reporter-output>
        </test-method> <!-- TC7MutliCityPage -->
        <test-method is-config="true" signature="browserquit()[pri:0, instance:AirlineTestPkge.TC7_MutliCityPage@dd05255]" started-at="2025-07-03T22:49:06 EDT" name="browserquit" finished-at="2025-07-03T22:49:06 EDT" duration-ms="483" status="PASS">
          <reporter-output>
          </reporter-output>
        </test-method> <!-- browserquit -->
      </class> <!-- AirlineTestPkge.TC7_MutliCityPage -->
      <class name="AirlineTestPkge.TC8_SeatSelection">
        <test-method is-config="true" signature="browserlaunch(java.lang.String)[pri:0, instance:AirlineTestPkge.TC8_SeatSelection@6a78afa0]" started-at="2025-07-03T22:49:06 EDT" name="browserlaunch" finished-at="2025-07-03T22:49:11 EDT" duration-ms="4693" status="PASS">
          <params>
            <param index="0">
              <value>
                <![CDATA[Chrome]]>
              </value>
            </param>
          </params>
          <reporter-output>
            <line>
              <![CDATA[Chrome browser launching]]>
            </line>
          </reporter-output>
        </test-method> <!-- browserlaunch -->
        <test-method signature="TC8SeatSelection()[pri:0, instance:AirlineTestPkge.TC8_SeatSelection@6a78afa0]" started-at="2025-07-03T22:49:11 EDT" name="TC8SeatSelection" finished-at="2025-07-03T22:49:38 EDT" duration-ms="27256" status="FAIL">
          <exception class="org.openqa.selenium.ElementNotInteractableException">
            <message>
              <![CDATA[element not interactable
  (Session info: chrome=137.0.7151.122)
Build info: version: '4.20.0', revision: '866c76ca80'
System info: os.name: 'Windows 11', os.arch: 'amd64', os.version: '10.0', java.version: '23.0.2'
Driver info: org.openqa.selenium.chrome.ChromeDriver
Command: [3c1e01e392343ac4c9f1b759ec5c7a47, sendKeysToElement {id=f.A533B01BF6C2E17C60116AADD95B0A60.d.ECC14B5A39B1EA7F94806B7F7AF990B2.e.401, value=[Ljava.lang.CharSequence;@4cc7e3ad}]
Capabilities {acceptInsecureCerts: false, browserName: chrome, browserVersion: 137.0.7151.122, chrome: {chromedriverVersion: 137.0.7151.119 (e0ac9d12dff..., userDataDir: C:\Users\anbuj\AppData\Loca...}, fedcm:accounts: true, goog:chromeOptions: {debuggerAddress: localhost:60521}, networkConnectionEnabled: false, pageLoadStrategy: normal, platformName: windows, proxy: Proxy(), se:cdp: ws://localhost:60521/devtoo..., se:cdpVersion: 137.0.7151.122, setWindowRect: true, strictFileInteractability: false, timeouts: {implicit: 0, pageLoad: 300000, script: 30000}, unhandledPromptBehavior: dismiss and notify, webauthn:extension:credBlob: true, webauthn:extension:largeBlob: true, webauthn:extension:minPinLength: true, webauthn:extension:prf: true, webauthn:virtualAuthenticators: true}
Element: [[ChromeDriver: chrome on windows (3c1e01e392343ac4c9f1b759ec5c7a47)] -> xpath: //span[normalize-space()='Seats']]
Session ID: 3c1e01e392343ac4c9f1b759ec5c7a47]]>
            </message>
            <full-stacktrace>
              <![CDATA[org.openqa.selenium.ElementNotInteractableException: element not interactable
  (Session info: chrome=137.0.7151.122)
Build info: version: '4.20.0', revision: '866c76ca80'
System info: os.name: 'Windows 11', os.arch: 'amd64', os.version: '10.0', java.version: '23.0.2'
Driver info: org.openqa.selenium.chrome.ChromeDriver
Command: [3c1e01e392343ac4c9f1b759ec5c7a47, sendKeysToElement {id=f.A533B01BF6C2E17C60116AADD95B0A60.d.ECC14B5A39B1EA7F94806B7F7AF990B2.e.401, value=[Ljava.lang.CharSequence;@4cc7e3ad}]
Capabilities {acceptInsecureCerts: false, browserName: chrome, browserVersion: 137.0.7151.122, chrome: {chromedriverVersion: 137.0.7151.119 (e0ac9d12dff..., userDataDir: C:\Users\anbuj\AppData\Loca...}, fedcm:accounts: true, goog:chromeOptions: {debuggerAddress: localhost:60521}, networkConnectionEnabled: false, pageLoadStrategy: normal, platformName: windows, proxy: Proxy(), se:cdp: ws://localhost:60521/devtoo..., se:cdpVersion: 137.0.7151.122, setWindowRect: true, strictFileInteractability: false, timeouts: {implicit: 0, pageLoad: 300000, script: 30000}, unhandledPromptBehavior: dismiss and notify, webauthn:extension:credBlob: true, webauthn:extension:largeBlob: true, webauthn:extension:minPinLength: true, webauthn:extension:prf: true, webauthn:virtualAuthenticators: true}
Element: [[ChromeDriver: chrome on windows (3c1e01e392343ac4c9f1b759ec5c7a47)] -> xpath: //span[normalize-space()='Seats']]
Session ID: 3c1e01e392343ac4c9f1b759ec5c7a47
at java.base/jdk.internal.reflect.DirectConstructorHandleAccessor.newInstance(DirectConstructorHandleAccessor.java:62)
at java.base/java.lang.reflect.Constructor.newInstanceWithCaller(Constructor.java:501)
at java.base/java.lang.reflect.Constructor.newInstance(Constructor.java:485)
at org.openqa.selenium.remote.ErrorCodec.decode(ErrorCodec.java:167)
at org.openqa.selenium.remote.codec.w3c.W3CHttpResponseCodec.decode(W3CHttpResponseCodec.java:138)
at org.openqa.selenium.remote.codec.w3c.W3CHttpResponseCodec.decode(W3CHttpResponseCodec.java:50)
at org.openqa.selenium.remote.HttpCommandExecutor.execute(HttpCommandExecutor.java:190)
at org.openqa.selenium.remote.service.DriverCommandExecutor.invokeExecute(DriverCommandExecutor.java:216)
at org.openqa.selenium.remote.service.DriverCommandExecutor.execute(DriverCommandExecutor.java:174)
at org.openqa.selenium.remote.RemoteWebDriver.execute(RemoteWebDriver.java:518)
at org.openqa.selenium.remote.RemoteWebElement.execute(RemoteWebElement.java:223)
at org.openqa.selenium.remote.RemoteWebElement.sendKeys(RemoteWebElement.java:110)
at java.base/jdk.internal.reflect.DirectMethodHandleAccessor.invoke(DirectMethodHandleAccessor.java:103)
at java.base/java.lang.reflect.Method.invoke(Method.java:580)
at org.openqa.selenium.support.pagefactory.internal.LocatingElementHandler.invoke(LocatingElementHandler.java:51)
at jdk.proxy2/jdk.proxy2.$Proxy13.sendKeys(Unknown Source)
at AirlinePackage.AirlineSeatSelection.seat(AirlineSeatSelection.java:43)
at AirlineTestPkge.TC8_SeatSelection.TC8SeatSelection(TC8_SeatSelection.java:56)
at java.base/jdk.internal.reflect.DirectMethodHandleAccessor.invoke(DirectMethodHandleAccessor.java:103)
at java.base/java.lang.reflect.Method.invoke(Method.java:580)
at org.testng.internal.invokers.MethodInvocationHelper.invokeMethod(MethodInvocationHelper.java:141)
at org.testng.internal.invokers.TestInvoker.invokeMethod(TestInvoker.java:687)
at org.testng.internal.invokers.TestInvoker.invokeTestMethod(TestInvoker.java:230)
at org.testng.internal.invokers.MethodRunner.runInSequence(MethodRunner.java:63)
at org.testng.internal.invokers.TestInvoker$MethodInvocationAgent.invoke(TestInvoker.java:995)
at org.testng.internal.invokers.TestInvoker.invokeTestMethods(TestInvoker.java:203)
at org.testng.internal.invokers.TestMethodWorker.invokeTestMethods(TestMethodWorker.java:154)
at org.testng.internal.invokers.TestMethodWorker.run(TestMethodWorker.java:134)
at java.base/java.util.ArrayList.forEach(ArrayList.java:1597)
at org.testng.TestRunner.privateRun(TestRunner.java:741)
at org.testng.TestRunner.run(TestRunner.java:616)
at org.testng.SuiteRunner.runTest(SuiteRunner.java:421)
at org.testng.SuiteRunner.runSequentially(SuiteRunner.java:413)
at org.testng.SuiteRunner.privateRun(SuiteRunner.java:373)
at org.testng.SuiteRunner.run(SuiteRunner.java:312)
at org.testng.SuiteRunnerWorker.runSuite(SuiteRunnerWorker.java:52)
at org.testng.SuiteRunnerWorker.run(SuiteRunnerWorker.java:95)
at org.testng.TestNG.runSuitesSequentially(TestNG.java:1274)
at org.testng.TestNG.runSuitesLocally(TestNG.java:1208)
at org.testng.TestNG.runSuites(TestNG.java:1112)
at org.testng.TestNG.run(TestNG.java:1079)
at org.apache.maven.surefire.testng.TestNGExecutor.run(TestNGExecutor.java:308)
at org.apache.maven.surefire.testng.TestNGXmlTestSuite.execute(TestNGXmlTestSuite.java:71)
at org.apache.maven.surefire.testng.TestNGProvider.invoke(TestNGProvider.java:113)
at org.apache.maven.surefire.booter.ForkedBooter.runSuitesInProcess(ForkedBooter.java:385)
at org.apache.maven.surefire.booter.ForkedBooter.execute(ForkedBooter.java:162)
at org.apache.maven.surefire.booter.ForkedBooter.run(ForkedBooter.java:507)
at org.apache.maven.surefire.booter.ForkedBooter.main(ForkedBooter.java:495)
]]>
            </full-stacktrace>
          </exception> <!-- org.openqa.selenium.ElementNotInteractableException -->
          <reporter-output>
            <line>
              <![CDATA[One way selecte]]>
            </line>
            <line>
              <![CDATA[Source city: Bengaluru]]>
            </line>
            <line>
              <![CDATA[Destination city: Chennai]]>
            </line>
            <line>
              <![CDATA[switched to child window]]>
            </line>
            <line>
              <![CDATA[Listener:Test is Fail]]>
            </line>
          </reporter-output>
        </test-method> <!-- TC8SeatSelection -->
        <test-method is-config="true" signature="browserquit()[pri:0, instance:AirlineTestPkge.TC8_SeatSelection@6a78afa0]" started-at="2025-07-03T22:49:39 EDT" name="browserquit" finished-at="2025-07-03T22:49:39 EDT" duration-ms="406" status="PASS">
          <reporter-output>
          </reporter-output>
        </test-method> <!-- browserquit -->
      </class> <!-- AirlineTestPkge.TC8_SeatSelection -->
      <class name="AirlineTestPkge.TC11_validateafterBooking">
        <test-method is-config="true" signature="browserlaunch(java.lang.String)[pri:0, instance:AirlineTestPkge.TC11_validateafterBooking@10683d9d]" started-at="2025-07-03T22:50:18 EDT" name="browserlaunch" finished-at="2025-07-03T22:50:22 EDT" duration-ms="4544" status="PASS">
          <params>
            <param index="0">
              <value>
                <![CDATA[Chrome]]>
              </value>
            </param>
          </params>
          <reporter-output>
            <line>
              <![CDATA[Chrome browser launching]]>
            </line>
          </reporter-output>
        </test-method> <!-- browserlaunch -->
        <test-method signature="TC11validateAfterBook()[pri:0, instance:AirlineTestPkge.TC11_validateafterBooking@10683d9d]" started-at="2025-07-03T22:50:22 EDT" name="TC11validateAfterBook" finished-at="2025-07-03T22:50:43 EDT" duration-ms="20503" status="PASS">
          <reporter-output>
            <line>
              <![CDATA[One way selecte]]>
            </line>
            <line>
              <![CDATA[Source city: Dubai]]>
            </line>
            <line>
              <![CDATA[Destination city: Chennai]]>
            </line>
            <line>
              <![CDATA[switched to child window]]>
            </line>
            <line>
              <![CDATA[Listener:Test is Pass]]>
            </line>
          </reporter-output>
        </test-method> <!-- TC11validateAfterBook -->
        <test-method is-config="true" signature="browserquit()[pri:0, instance:AirlineTestPkge.TC11_validateafterBooking@10683d9d]" started-at="2025-07-03T22:50:43 EDT" name="browserquit" finished-at="2025-07-03T22:50:44 EDT" duration-ms="570" status="PASS">
          <reporter-output>
          </reporter-output>
        </test-method> <!-- browserquit -->
      </class> <!-- AirlineTestPkge.TC11_validateafterBooking -->
      <class name="AirlineTestPkge.TC4_OnewayPage">
        <test-method is-config="true" signature="browserlaunch(java.lang.String)[pri:0, instance:AirlineTestPkge.TC4_OnewayPage@6150c3ec]" started-at="2025-07-03T22:47:56 EDT" name="browserlaunch" finished-at="2025-07-03T22:48:00 EDT" duration-ms="4799" status="PASS">
          <params>
            <param index="0">
              <value>
                <![CDATA[Chrome]]>
              </value>
            </param>
          </params>
          <reporter-output>
            <line>
              <![CDATA[Chrome browser launching]]>
            </line>
          </reporter-output>
        </test-method> <!-- browserlaunch -->
        <test-method signature="TC4OnewayPage()[pri:0, instance:AirlineTestPkge.TC4_OnewayPage@6150c3ec]" started-at="2025-07-03T22:48:00 EDT" name="TC4OnewayPage" finished-at="2025-07-03T22:48:10 EDT" duration-ms="9110" status="PASS">
          <reporter-output>
            <line>
              <![CDATA[One way selecte]]>
            </line>
            <line>
              <![CDATA[Source city: Dubai]]>
            </line>
            <line>
              <![CDATA[Destination city: Chennai]]>
            </line>
            <line>
              <![CDATA[Listener:Test is Pass]]>
            </line>
          </reporter-output>
        </test-method> <!-- TC4OnewayPage -->
        <test-method is-config="true" signature="browserquit()[pri:0, instance:AirlineTestPkge.TC4_OnewayPage@6150c3ec]" started-at="2025-07-03T22:48:10 EDT" name="browserquit" finished-at="2025-07-03T22:48:10 EDT" duration-ms="460" status="PASS">
          <reporter-output>
          </reporter-output>
        </test-method> <!-- browserquit -->
      </class> <!-- AirlineTestPkge.TC4_OnewayPage -->
    </test> <!-- AirlineTest -->
  </suite> <!-- MMT Suite -->
</testng-results>
