<?xml version="1.0" encoding="UTF-8"?>
<testsuite xmlns:xsi="http://www.w3.org/2001/XMLSchema-instance" xsi:noNamespaceSchemaLocation="https://maven.apache.org/surefire/maven-surefire-plugin/xsd/surefire-test-report.xsd" version="3.0.2" name="TestSuite" time="344.845" tests="15" errors="0" skipped="1" failures="0">
  <properties>
[...]
</properties>
  <testcase name="TC2_LoginwithvalidCred" classname="AirlineTestPkge.TC2_Login2" time="8.785">
    <system-out><![CDATA[Successfully logged in Hi Sathiyaa
]]></system-out>
    <system-err><![CDATA[Jul 07, 2025 9:37:18 P.M. org.openqa.selenium.devtools.CdpVersionFinder findNearestMatch
WARNING: Unable to find CDP implementation matching 137
Jul 07, 2025 9:37:18 P.M. org.openqa.selenium.chromium.ChromiumDriver lambda$new$5
WARNING: Unable to find version of CDP to use for 137.0.7151.122. You may need to include a dependency on a specific version of the CDP using something similar to `org.seleniumhq.selenium:selenium-devtools-v86:4.20.0` where the version ("v86") matches the version of the chromium-based browser you're using and the version number of the artifact is the same as Selenium's.
]]></system-err>
  </testcase>
  <testcase name="TC3InvalidLoginPage[437366122, Jasnu@1223](1)" classname="AirlineTestPkge.TC3_InvalidLoginPage" time="1.926">
    <system-out><![CDATA[Sceenshots taken for  Pass
]]></system-out>
    <system-err><![CDATA[Jul 07, 2025 9:37:32 P.M. org.openqa.selenium.devtools.CdpVersionFinder findNearestMatch
WARNING: Unable to find CDP implementation matching 137
Jul 07, 2025 9:37:32 P.M. org.openqa.selenium.chromium.ChromiumDriver lambda$new$5
WARNING: Unable to find version of CDP to use for 137.0.7151.122. You may need to include a dependency on a specific version of the CDP using something similar to `org.seleniumhq.selenium:selenium-devtools-v86:4.20.0` where the version ("v86") matches the version of the chromium-based browser you're using and the version number of the artifact is the same as Selenium's.
]]></system-err>
  </testcase>
  <testcase name="TC4OnewayPage" classname="AirlineTestPkge.TC4_OnewayPage" time="8.735">
    <system-out><![CDATA[Sceenshots taken for  Pass
]]></system-out>
    <system-err><![CDATA[Jul 07, 2025 9:37:38 P.M. org.openqa.selenium.devtools.CdpVersionFinder findNearestMatch
WARNING: Unable to find CDP implementation matching 137
Jul 07, 2025 9:37:38 P.M. org.openqa.selenium.chromium.ChromiumDriver lambda$new$5
WARNING: Unable to find version of CDP to use for 137.0.7151.122. You may need to include a dependency on a specific version of the CDP using something similar to `org.seleniumhq.selenium:selenium-devtools-v86:4.20.0` where the version ("v86") matches the version of the chromium-based browser you're using and the version number of the artifact is the same as Selenium's.
]]></system-err>
  </testcase>
  <testcase name="TC5RoundTripPage" classname="AirlineTestPkge.TC5_RoundTripPage" time="8.667">
    <system-out><![CDATA[Sceenshots taken for  Pass
Select date on September 2025
Current month is July2025
2025-07
2025-09
Current month is August2025
2025-08
2025-09
Current month is September2025
]]></system-out>
    <system-err><![CDATA[Jul 07, 2025 9:37:50 P.M. org.openqa.selenium.devtools.CdpVersionFinder findNearestMatch
WARNING: Unable to find CDP implementation matching 137
Jul 07, 2025 9:37:50 P.M. org.openqa.selenium.chromium.ChromiumDriver lambda$new$5
WARNING: Unable to find version of CDP to use for 137.0.7151.122. You may need to include a dependency on a specific version of the CDP using something similar to `org.seleniumhq.selenium:selenium-devtools-v86:4.20.0` where the version ("v86") matches the version of the chromium-based browser you're using and the version number of the artifact is the same as Selenium's.
]]></system-err>
  </testcase>
  <testcase name="TC6TravelClassPage" classname="AirlineTestPkge.TC6_TravelClassPage" time="9.953">
    <system-out><![CDATA[Sceenshots taken for  Pass
search result:36
]]></system-out>
    <system-err><![CDATA[Jul 07, 2025 9:38:02 P.M. org.openqa.selenium.devtools.CdpVersionFinder findNearestMatch
WARNING: Unable to find CDP implementation matching 137
Jul 07, 2025 9:38:02 P.M. org.openqa.selenium.chromium.ChromiumDriver lambda$new$5
WARNING: Unable to find version of CDP to use for 137.0.7151.122. You may need to include a dependency on a specific version of the CDP using something similar to `org.seleniumhq.selenium:selenium-devtools-v86:4.20.0` where the version ("v86") matches the version of the chromium-based browser you're using and the version number of the artifact is the same as Selenium's.
]]></system-err>
  </testcase>
  <testcase name="TC7MutliCityPage" classname="AirlineTestPkge.TC7_MutliCityPage" time="13.861">
    <system-out><![CDATA[Sceenshots taken for  Pass
]]></system-out>
    <system-err><![CDATA[Jul 07, 2025 9:38:15 P.M. org.openqa.selenium.devtools.CdpVersionFinder findNearestMatch
WARNING: Unable to find CDP implementation matching 137
Jul 07, 2025 9:38:15 P.M. org.openqa.selenium.chromium.ChromiumDriver lambda$new$5
WARNING: Unable to find version of CDP to use for 137.0.7151.122. You may need to include a dependency on a specific version of the CDP using something similar to `org.seleniumhq.selenium:selenium-devtools-v86:4.20.0` where the version ("v86") matches the version of the chromium-based browser you're using and the version number of the artifact is the same as Selenium's.
]]></system-err>
  </testcase>
  <testcase name="TC8SeatSelection" classname="AirlineTestPkge.TC8_SeatSelection_test2" time="60.806">
    <system-out><![CDATA[Sceenshots taken for  Pass
Seat selected: seatBlock seatSelected pointer
]]></system-out>
    <system-err><![CDATA[Jul 07, 2025 9:38:33 P.M. org.openqa.selenium.devtools.CdpVersionFinder findNearestMatch
WARNING: Unable to find CDP implementation matching 137
Jul 07, 2025 9:38:33 P.M. org.openqa.selenium.chromium.ChromiumDriver lambda$new$5
WARNING: Unable to find version of CDP to use for 137.0.7151.122. You may need to include a dependency on a specific version of the CDP using something similar to `org.seleniumhq.selenium:selenium-devtools-v86:4.20.0` where the version ("v86") matches the version of the chromium-based browser you're using and the version number of the artifact is the same as Selenium's.
]]></system-err>
  </testcase>
  <testcase name="TC9MultPassngSigleBooking" classname="AirlineTestPkge.TC9_PassangerMultiplePage2" time="9.75">
    <system-out><![CDATA[Sceenshots taken for  Pass
]]></system-out>
    <system-err><![CDATA[Jul 07, 2025 9:39:37 P.M. org.openqa.selenium.devtools.CdpVersionFinder findNearestMatch
WARNING: Unable to find CDP implementation matching 137
Jul 07, 2025 9:39:37 P.M. org.openqa.selenium.chromium.ChromiumDriver lambda$new$5
WARNING: Unable to find version of CDP to use for 137.0.7151.122. You may need to include a dependency on a specific version of the CDP using something similar to `org.seleniumhq.selenium:selenium-devtools-v86:4.20.0` where the version ("v86") matches the version of the chromium-based browser you're using and the version number of the artifact is the same as Selenium's.
]]></system-err>
  </testcase>
  <testcase name="TC10ValidateFlightInformation" classname="AirlineTestPkge.TC10_ValidateFlightInformation" time="12.197">
    <system-out><![CDATA[Sceenshots taken for  Pass
]]></system-out>
    <system-err><![CDATA[Jul 07, 2025 9:39:50 P.M. org.openqa.selenium.devtools.CdpVersionFinder findNearestMatch
WARNING: Unable to find CDP implementation matching 137
Jul 07, 2025 9:39:50 P.M. org.openqa.selenium.chromium.ChromiumDriver lambda$new$5
WARNING: Unable to find version of CDP to use for 137.0.7151.122. You may need to include a dependency on a specific version of the CDP using something similar to `org.seleniumhq.selenium:selenium-devtools-v86:4.20.0` where the version ("v86") matches the version of the chromium-based browser you're using and the version number of the artifact is the same as Selenium's.
]]></system-err>
  </testcase>
  <testcase name="TC11validateAfterBook" classname="AirlineTestPkge.TC11_validateafterBooking" time="19.894">
    <system-out><![CDATA[Sceenshots taken for  Pass
]]></system-out>
    <system-err><![CDATA[Jul 07, 2025 9:40:06 P.M. org.openqa.selenium.devtools.CdpVersionFinder findNearestMatch
WARNING: Unable to find CDP implementation matching 137
Jul 07, 2025 9:40:06 P.M. org.openqa.selenium.chromium.ChromiumDriver lambda$new$5
WARNING: Unable to find version of CDP to use for 137.0.7151.122. You may need to include a dependency on a specific version of the CDP using something similar to `org.seleniumhq.selenium:selenium-devtools-v86:4.20.0` where the version ("v86") matches the version of the chromium-based browser you're using and the version number of the artifact is the same as Selenium's.
]]></system-err>
  </testcase>
  <testcase name="TC12LoginLogout" classname="AirlineTestPkge.TC12_LoginLogout" time="0.0">
    <skipped message="stale element reference: stale element not found&#10;  (Session info: chrome=137.0.7151.122)&#10;For documentation on this error, please visit: https://www.selenium.dev/documentation/webdriver/troubleshooting/errors#stale-element-reference-exception&#10;Build info: version: &apos;4.20.0&apos;, revision: &apos;866c76ca80&apos;&#10;System info: os.name: &apos;Windows 11&apos;, os.arch: &apos;amd64&apos;, os.version: &apos;10.0&apos;, java.version: &apos;23.0.2&apos;&#10;Driver info: org.openqa.selenium.chrome.ChromeDriver&#10;Command: [c19e6f73eab7e24dd31c82460b56b231, isElementDisplayed {id=f.D6C3C4C9C9379E551198378179D764E3.d.83A98005EC22A2B840532D2A110A374B.e.94}]&#10;Capabilities {acceptInsecureCerts: false, browserName: chrome, browserVersion: 137.0.7151.122, chrome: {chromedriverVersion: 137.0.7151.119 (e0ac9d12dff..., userDataDir: C:\Users\anbuj\AppData\Loca...}, fedcm:accounts: true, goog:chromeOptions: {debuggerAddress: localhost:61111}, networkConnectionEnabled: false, pageLoadStrategy: normal, platformName: windows, proxy: Proxy(), se:cdp: ws://localhost:61111/devtoo..., se:cdpVersion: 137.0.7151.122, setWindowRect: true, strictFileInteractability: false, timeouts: {implicit: 0, pageLoad: 300000, script: 30000}, unhandledPromptBehavior: dismiss and notify, webauthn:extension:credBlob: true, webauthn:extension:largeBlob: true, webauthn:extension:minPinLength: true, webauthn:extension:prf: true, webauthn:virtualAuthenticators: true}&#10;Element: [[ChromeDriver: chrome on windows (c19e6f73eab7e24dd31c82460b56b231)] -&gt; xpath: //p[@class=&apos;appendBottom3 truncate font11 lineHeight16 whiteText&apos;]]&#10;Session ID: c19e6f73eab7e24dd31c82460b56b231"/>
    <system-out><![CDATA[Sceenshots taken for  Pass
]]></system-out>
    <system-err><![CDATA[Jul 07, 2025 9:40:30 P.M. org.openqa.selenium.devtools.CdpVersionFinder findNearestMatch
WARNING: Unable to find CDP implementation matching 137
Jul 07, 2025 9:40:30 P.M. org.openqa.selenium.chromium.ChromiumDriver lambda$new$5
WARNING: Unable to find version of CDP to use for 137.0.7151.122. You may need to include a dependency on a specific version of the CDP using something similar to `org.seleniumhq.selenium:selenium-devtools-v86:4.20.0` where the version ("v86") matches the version of the chromium-based browser you're using and the version number of the artifact is the same as Selenium's.
]]></system-err>
  </testcase>
  <testcase name="TC12LoginLogout" classname="AirlineTestPkge.TC12_LoginLogout" time="24.692">
    <system-out><![CDATA[Sceenshots taken for skip
Successfully logged in Hi Sathiyaa
]]></system-out>
    <system-err><![CDATA[Jul 07, 2025 9:40:42 P.M. org.openqa.selenium.devtools.CdpVersionFinder findNearestMatch
WARNING: Unable to find CDP implementation matching 137
Jul 07, 2025 9:40:42 P.M. org.openqa.selenium.chromium.ChromiumDriver lambda$new$5
WARNING: Unable to find version of CDP to use for 137.0.7151.122. You may need to include a dependency on a specific version of the CDP using something similar to `org.seleniumhq.selenium:selenium-devtools-v86:4.20.0` where the version ("v86") matches the version of the chromium-based browser you're using and the version number of the artifact is the same as Selenium's.
]]></system-err>
  </testcase>
  <testcase name="TC13ApplyPromo" classname="AirlineTestPkge.TC13_ApplyPromo" time="20.174">
    <system-out><![CDATA[Sceenshots taken for  Pass
]]></system-out>
    <system-err><![CDATA[Jul 07, 2025 9:41:10 P.M. org.openqa.selenium.devtools.CdpVersionFinder findNearestMatch
WARNING: Unable to find CDP implementation matching 137
Jul 07, 2025 9:41:10 P.M. org.openqa.selenium.chromium.ChromiumDriver lambda$new$5
WARNING: Unable to find version of CDP to use for 137.0.7151.122. You may need to include a dependency on a specific version of the CDP using something similar to `org.seleniumhq.selenium:selenium-devtools-v86:4.20.0` where the version ("v86") matches the version of the chromium-based browser you're using and the version number of the artifact is the same as Selenium's.
]]></system-err>
  </testcase>
  <testcase name="TC14DomesticRoundTripPage" classname="AirlineTestPkge.TC14_DomesticRoundTrip" time="7.686">
    <system-out><![CDATA[Sceenshots taken for  Pass
Select date on September 2025
Current month is July2025
2025-07
2025-09
Current month is August2025
2025-08
2025-09
Current month is September2025
]]></system-out>
    <system-err><![CDATA[Jul 07, 2025 9:41:33 P.M. org.openqa.selenium.devtools.CdpVersionFinder findNearestMatch
WARNING: Unable to find CDP implementation matching 137
Jul 07, 2025 9:41:33 P.M. org.openqa.selenium.chromium.ChromiumDriver lambda$new$5
WARNING: Unable to find version of CDP to use for 137.0.7151.122. You may need to include a dependency on a specific version of the CDP using something similar to `org.seleniumhq.selenium:selenium-devtools-v86:4.20.0` where the version ("v86") matches the version of the chromium-based browser you're using and the version number of the artifact is the same as Selenium's.
]]></system-err>
  </testcase>
  <testcase name="TC15PaymentPage" classname="AirlineTestPkge.TC15_PaymentPage" time="73.158">
    <system-out><![CDATA[Sceenshots taken for  Pass
Seat selected: seatBlock seatSelected pointer
]]></system-out>
    <system-err><![CDATA[Jul 07, 2025 9:41:45 P.M. org.openqa.selenium.devtools.CdpVersionFinder findNearestMatch
WARNING: Unable to find CDP implementation matching 137
Jul 07, 2025 9:41:45 P.M. org.openqa.selenium.chromium.ChromiumDriver lambda$new$5
WARNING: Unable to find version of CDP to use for 137.0.7151.122. You may need to include a dependency on a specific version of the CDP using something similar to `org.seleniumhq.selenium:selenium-devtools-v86:4.20.0` where the version ("v86") matches the version of the chromium-based browser you're using and the version number of the artifact is the same as Selenium's.
]]></system-err>
  </testcase>
</testsuite>