<?xml version="1.0" encoding="UTF-8"?>
<testng-results retried="1" ignored="0" total="15" passed="14" failed="0" skipped="0">
  <reporter-output>
    <line>
      <![CDATA[Chrome browser launching]]>
    </line>
    <line>
      <![CDATA[Successfully logged in Hi Sathiyaa]]>
    </line>
    <line>
      <![CDATA[Listener:Test is Pass]]>
    </line>
    <line>
      <![CDATA[Chrome browser launching]]>
    </line>
    <line>
      <![CDATA[Listener:Test is Pass]]>
    </line>
    <line>
      <![CDATA[Chrome browser launching]]>
    </line>
    <line>
      <![CDATA[One way selecte]]>
    </line>
    <line>
      <![CDATA[Source city: Dubai]]>
    </line>
    <line>
      <![CDATA[Destination city: Chennai]]>
    </line>
    <line>
      <![CDATA[Listener:Test is Pass]]>
    </line>
    <line>
      <![CDATA[Chrome browser launching]]>
    </line>
    <line>
      <![CDATA[Round trip is selected]]>
    </line>
    <line>
      <![CDATA[Source city: Chennai]]>
    </line>
    <line>
      <![CDATA[Destination city: Dubai]]>
    </line>
    <line>
      <![CDATA[Listener:Test is Pass]]>
    </line>
    <line>
      <![CDATA[Chrome browser launching]]>
    </line>
    <line>
      <![CDATA[One way selecte]]>
    </line>
    <line>
      <![CDATA[Source city: Chennai]]>
    </line>
    <line>
      <![CDATA[Destination city: Mumbai]]>
    </line>
    <line>
      <![CDATA[Economy selected]]>
    </line>
    <line>
      <![CDATA[Economy class results validated successfully.]]>
    </line>
    <line>
      <![CDATA[Listener:Test is Pass]]>
    </line>
    <line>
      <![CDATA[Chrome browser launching]]>
    </line>
    <line>
      <![CDATA[MutliCity Select]]>
    </line>
    <line>
      <![CDATA[First Source to Destination city Chennai toDubai]]>
    </line>
    <line>
      <![CDATA[Second Source to Destination city Dubai toChennai]]>
    </line>
    <line>
      <![CDATA[Listener:Test is Pass]]>
    </line>
    <line>
      <![CDATA[Chrome browser launching]]>
    </line>
    <line>
      <![CDATA[One way selecte]]>
    </line>
    <line>
      <![CDATA[Source city: Chennai]]>
    </line>
    <line>
      <![CDATA[Destination city: Mumbai]]>
    </line>
    <line>
      <![CDATA[switched to child window]]>
    </line>
    <line>
      <![CDATA[Seat select & cliked Continue]]>
    </line>
    <line>
      <![CDATA[Proceed btn clicked]]>
    </line>
    <line>
      <![CDATA[Listener:Test is Pass]]>
    </line>
    <line>
      <![CDATA[Chrome browser launching]]>
    </line>
    <line>
      <![CDATA[One way selecte]]>
    </line>
    <line>
      <![CDATA[Source city: Chennai]]>
    </line>
    <line>
      <![CDATA[Destination city: Mumbai]]>
    </line>
    <line>
      <![CDATA[2Passanger selected]]>
    </line>
    <line>
      <![CDATA[Listener:Test is Pass]]>
    </line>
    <line>
      <![CDATA[Chrome browser launching]]>
    </line>
    <line>
      <![CDATA[One way selecte]]>
    </line>
    <line>
      <![CDATA[Source city: Chennai]]>
    </line>
    <line>
      <![CDATA[Destination city: toronto]]>
    </line>
    <line>
      <![CDATA[flightDetails]]>
    </line>
    <line>
      <![CDATA[FareSummary]]>
    </line>
    <line>
      <![CDATA[cancellation]]>
    </line>
    <line>
      <![CDATA[Listener:Test is Pass]]>
    </line>
    <line>
      <![CDATA[Chrome browser launching]]>
    </line>
    <line>
      <![CDATA[One way selecte]]>
    </line>
    <line>
      <![CDATA[Source city: Dubai]]>
    </line>
    <line>
      <![CDATA[Destination city: Chennai]]>
    </line>
    <line>
      <![CDATA[switched to child window]]>
    </line>
    <line>
      <![CDATA[Listener:Test is Pass]]>
    </line>
    <line>
      <![CDATA[Chrome browser launching]]>
    </line>
    <line>
      <![CDATA[Listener:Test is skiped]]>
    </line>
    <line>
      <![CDATA[Chrome browser launching]]>
    </line>
    <line>
      <![CDATA[Successfully logged in Hi Sathiyaa]]>
    </line>
    <line>
      <![CDATA[Listener:Test is Pass]]>
    </line>
    <line>
      <![CDATA[Chrome browser launching]]>
    </line>
    <line>
      <![CDATA[One way selecte]]>
    </line>
    <line>
      <![CDATA[Source city: Dubai]]>
    </line>
    <line>
      <![CDATA[Destination city: Chennai]]>
    </line>
    <line>
      <![CDATA[switched to child window]]>
    </line>
    <line>
      <![CDATA[Verified promo codes]]>
    </line>
    <line>
      <![CDATA[Listener:Test is Pass]]>
    </line>
    <line>
      <![CDATA[Chrome browser launching]]>
    </line>
    <line>
      <![CDATA[Round trip is selected]]>
    </line>
    <line>
      <![CDATA[Source city: Chennai]]>
    </line>
    <line>
      <![CDATA[Destination city: Mumbai]]>
    </line>
    <line>
      <![CDATA[Listener:Test is Pass]]>
    </line>
    <line>
      <![CDATA[Chrome browser launching]]>
    </line>
    <line>
      <![CDATA[One way selecte]]>
    </line>
    <line>
      <![CDATA[Source city: Chennai]]>
    </line>
    <line>
      <![CDATA[Destination city: Mumbai]]>
    </line>
    <line>
      <![CDATA[switched to child window]]>
    </line>
    <line>
      <![CDATA[Seat select & cliked Continue]]>
    </line>
    <line>
      <![CDATA[Proceed btn clicked]]>
    </line>
    <line>
      <![CDATA[Entered Card details]]>
    </line>
    <line>
      <![CDATA[Billing Address]]>
    </line>
    <line>
      <![CDATA[Listener:Test is Pass]]>
    </line>
  </reporter-output>
  <suite started-at="2025-07-07T21:37:16 EDT" name="MMT Suite" finished-at="2025-07-07T21:43:00 EDT" duration-ms="344033">
    <groups>
    </groups>
    <test started-at="2025-07-07T21:37:16 EDT" name="AirlineTest" finished-at="2025-07-07T21:43:00 EDT" duration-ms="344033">
      <class name="AirlineTestPkge.TC15_PaymentPage">
        <test-method is-config="true" signature="browserlaunch(java.lang.String)[pri:0, instance:AirlineTestPkge.TC15_PaymentPage@682b2fa]" started-at="2025-07-07T21:41:44 EDT" name="browserlaunch" finished-at="2025-07-07T21:41:47 EDT" duration-ms="3112" status="PASS">
          <params>
            <param index="0">
              <value>
                <![CDATA[Chrome]]>
              </value>
            </param>
          </params>
          <reporter-output>
            <line>
              <![CDATA[Chrome browser launching]]>
            </line>
          </reporter-output>
        </test-method> <!-- browserlaunch -->
        <test-method signature="TC15PaymentPage()[pri:0, instance:AirlineTestPkge.TC15_PaymentPage@682b2fa]" started-at="2025-07-07T21:41:47 EDT" name="TC15PaymentPage" finished-at="2025-07-07T21:43:00 EDT" duration-ms="73158" status="PASS">
          <reporter-output>
            <line>
              <![CDATA[One way selecte]]>
            </line>
            <line>
              <![CDATA[Source city: Chennai]]>
            </line>
            <line>
              <![CDATA[Destination city: Mumbai]]>
            </line>
            <line>
              <![CDATA[switched to child window]]>
            </line>
            <line>
              <![CDATA[Seat select & cliked Continue]]>
            </line>
            <line>
              <![CDATA[Proceed btn clicked]]>
            </line>
            <line>
              <![CDATA[Entered Card details]]>
            </line>
            <line>
              <![CDATA[Billing Address]]>
            </line>
            <line>
              <![CDATA[Listener:Test is Pass]]>
            </line>
          </reporter-output>
        </test-method> <!-- TC15PaymentPage -->
        <test-method is-config="true" signature="browserquit()[pri:0, instance:AirlineTestPkge.TC15_PaymentPage@682b2fa]" started-at="2025-07-07T21:43:00 EDT" name="browserquit" finished-at="2025-07-07T21:43:00 EDT" duration-ms="0" status="PASS">
          <reporter-output>
          </reporter-output>
        </test-method> <!-- browserquit -->
      </class> <!-- AirlineTestPkge.TC15_PaymentPage -->
      <class name="AirlineTestPkge.TC10_ValidateFlightInformation">
        <test-method is-config="true" signature="browserlaunch(java.lang.String)[pri:0, instance:AirlineTestPkge.TC10_ValidateFlightInformation@3fc2959f]" started-at="2025-07-07T21:39:49 EDT" name="browserlaunch" finished-at="2025-07-07T21:39:53 EDT" duration-ms="3479" status="PASS">
          <params>
            <param index="0">
              <value>
                <![CDATA[Chrome]]>
              </value>
            </param>
          </params>
          <reporter-output>
            <line>
              <![CDATA[Chrome browser launching]]>
            </line>
          </reporter-output>
        </test-method> <!-- browserlaunch -->
        <test-method signature="TC10ValidateFlightInformation()[pri:0, instance:AirlineTestPkge.TC10_ValidateFlightInformation@3fc2959f]" started-at="2025-07-07T21:39:53 EDT" name="TC10ValidateFlightInformation" finished-at="2025-07-07T21:40:05 EDT" duration-ms="12198" status="PASS">
          <reporter-output>
            <line>
              <![CDATA[One way selecte]]>
            </line>
            <line>
              <![CDATA[Source city: Chennai]]>
            </line>
            <line>
              <![CDATA[Destination city: toronto]]>
            </line>
            <line>
              <![CDATA[flightDetails]]>
            </line>
            <line>
              <![CDATA[FareSummary]]>
            </line>
            <line>
              <![CDATA[cancellation]]>
            </line>
            <line>
              <![CDATA[Listener:Test is Pass]]>
            </line>
          </reporter-output>
        </test-method> <!-- TC10ValidateFlightInformation -->
        <test-method is-config="true" signature="browserquit()[pri:0, instance:AirlineTestPkge.TC10_ValidateFlightInformation@3fc2959f]" started-at="2025-07-07T21:40:05 EDT" name="browserquit" finished-at="2025-07-07T21:40:05 EDT" duration-ms="0" status="PASS">
          <reporter-output>
          </reporter-output>
        </test-method> <!-- browserquit -->
      </class> <!-- AirlineTestPkge.TC10_ValidateFlightInformation -->
      <class name="AirlineTestPkge.TC3_InvalidLoginPage">
        <test-method is-config="true" signature="browserlaunch(java.lang.String)[pri:0, instance:AirlineTestPkge.TC3_InvalidLoginPage@44c03695]" started-at="2025-07-07T21:37:31 EDT" name="browserlaunch" finished-at="2025-07-07T21:37:35 EDT" duration-ms="3675" status="PASS">
          <params>
            <param index="0">
              <value>
                <![CDATA[Chrome]]>
              </value>
            </param>
          </params>
          <reporter-output>
            <line>
              <![CDATA[Chrome browser launching]]>
            </line>
          </reporter-output>
        </test-method> <!-- browserlaunch -->
        <test-method signature="TC3InvalidLoginPage(java.lang.String,java.lang.String)[pri:0, instance:AirlineTestPkge.TC3_InvalidLoginPage@44c03695]" started-at="2025-07-07T21:37:35 EDT" name="TC3InvalidLoginPage" data-provider="logindata" finished-at="2025-07-07T21:37:37 EDT" duration-ms="1926" status="PASS">
          <params>
            <param index="0">
              <value>
                <![CDATA[437366122]]>
              </value>
            </param>
            <param index="1">
              <value>
                <![CDATA[Jasnu@1223]]>
              </value>
            </param>
          </params>
          <reporter-output>
            <line>
              <![CDATA[Listener:Test is Pass]]>
            </line>
          </reporter-output>
        </test-method> <!-- TC3InvalidLoginPage -->
        <test-method is-config="true" signature="browserquit()[pri:0, instance:AirlineTestPkge.TC3_InvalidLoginPage@44c03695]" started-at="2025-07-07T21:37:37 EDT" name="browserquit" finished-at="2025-07-07T21:37:37 EDT" duration-ms="1" status="PASS">
          <reporter-output>
          </reporter-output>
        </test-method> <!-- browserquit -->
      </class> <!-- AirlineTestPkge.TC3_InvalidLoginPage -->
      <class name="AirlineTestPkge.TC14_DomesticRoundTrip">
        <test-method is-config="true" signature="browserlaunch(java.lang.String)[pri:0, instance:AirlineTestPkge.TC14_DomesticRoundTrip@139982de]" started-at="2025-07-07T21:41:32 EDT" name="browserlaunch" finished-at="2025-07-07T21:41:35 EDT" duration-ms="3031" status="PASS">
          <params>
            <param index="0">
              <value>
                <![CDATA[Chrome]]>
              </value>
            </param>
          </params>
          <reporter-output>
            <line>
              <![CDATA[Chrome browser launching]]>
            </line>
          </reporter-output>
        </test-method> <!-- browserlaunch -->
        <test-method signature="TC14DomesticRoundTripPage()[pri:0, instance:AirlineTestPkge.TC14_DomesticRoundTrip@139982de]" started-at="2025-07-07T21:41:35 EDT" name="TC14DomesticRoundTripPage" finished-at="2025-07-07T21:41:43 EDT" duration-ms="7686" status="PASS">
          <reporter-output>
            <line>
              <![CDATA[Round trip is selected]]>
            </line>
            <line>
              <![CDATA[Source city: Chennai]]>
            </line>
            <line>
              <![CDATA[Destination city: Mumbai]]>
            </line>
            <line>
              <![CDATA[Listener:Test is Pass]]>
            </line>
          </reporter-output>
        </test-method> <!-- TC14DomesticRoundTripPage -->
        <test-method is-config="true" signature="browserquit()[pri:0, instance:AirlineTestPkge.TC14_DomesticRoundTrip@139982de]" started-at="2025-07-07T21:41:44 EDT" name="browserquit" finished-at="2025-07-07T21:41:44 EDT" duration-ms="0" status="PASS">
          <reporter-output>
          </reporter-output>
        </test-method> <!-- browserquit -->
      </class> <!-- AirlineTestPkge.TC14_DomesticRoundTrip -->
      <class name="AirlineTestPkge.TC9_PassangerMultiplePage2">
        <test-method is-config="true" signature="browserlaunch(java.lang.String)[pri:0, instance:AirlineTestPkge.TC9_PassangerMultiplePage2@10683d9d]" started-at="2025-07-07T21:39:36 EDT" name="browserlaunch" finished-at="2025-07-07T21:39:39 EDT" duration-ms="2916" status="PASS">
          <params>
            <param index="0">
              <value>
                <![CDATA[Chrome]]>
              </value>
            </param>
          </params>
          <reporter-output>
            <line>
              <![CDATA[Chrome browser launching]]>
            </line>
          </reporter-output>
        </test-method> <!-- browserlaunch -->
        <test-method signature="TC9MultPassngSigleBooking()[pri:0, instance:AirlineTestPkge.TC9_PassangerMultiplePage2@10683d9d]" started-at="2025-07-07T21:39:39 EDT" name="TC9MultPassngSigleBooking" finished-at="2025-07-07T21:39:49 EDT" duration-ms="9749" status="PASS">
          <reporter-output>
            <line>
              <![CDATA[One way selecte]]>
            </line>
            <line>
              <![CDATA[Source city: Chennai]]>
            </line>
            <line>
              <![CDATA[Destination city: Mumbai]]>
            </line>
            <line>
              <![CDATA[2Passanger selected]]>
            </line>
            <line>
              <![CDATA[Listener:Test is Pass]]>
            </line>
          </reporter-output>
        </test-method> <!-- TC9MultPassngSigleBooking -->
        <test-method is-config="true" signature="browserquit()[pri:0, instance:AirlineTestPkge.TC9_PassangerMultiplePage2@10683d9d]" started-at="2025-07-07T21:39:49 EDT" name="browserquit" finished-at="2025-07-07T21:39:49 EDT" duration-ms="0" status="PASS">
          <reporter-output>
          </reporter-output>
        </test-method> <!-- browserquit -->
      </class> <!-- AirlineTestPkge.TC9_PassangerMultiplePage2 -->
      <class name="AirlineTestPkge.TC5_RoundTripPage">
        <test-method is-config="true" signature="browserlaunch(java.lang.String)[pri:0, instance:AirlineTestPkge.TC5_RoundTripPage@dd05255]" started-at="2025-07-07T21:37:49 EDT" name="browserlaunch" finished-at="2025-07-07T21:37:52 EDT" duration-ms="2866" status="PASS">
          <params>
            <param index="0">
              <value>
                <![CDATA[Chrome]]>
              </value>
            </param>
          </params>
          <reporter-output>
            <line>
              <![CDATA[Chrome browser launching]]>
            </line>
          </reporter-output>
        </test-method> <!-- browserlaunch -->
        <test-method signature="TC5RoundTripPage()[pri:0, instance:AirlineTestPkge.TC5_RoundTripPage@dd05255]" started-at="2025-07-07T21:37:52 EDT" name="TC5RoundTripPage" finished-at="2025-07-07T21:38:01 EDT" duration-ms="8667" status="PASS">
          <reporter-output>
            <line>
              <![CDATA[Round trip is selected]]>
            </line>
            <line>
              <![CDATA[Source city: Chennai]]>
            </line>
            <line>
              <![CDATA[Destination city: Dubai]]>
            </line>
            <line>
              <![CDATA[Listener:Test is Pass]]>
            </line>
          </reporter-output>
        </test-method> <!-- TC5RoundTripPage -->
        <test-method is-config="true" signature="browserquit()[pri:0, instance:AirlineTestPkge.TC5_RoundTripPage@dd05255]" started-at="2025-07-07T21:38:01 EDT" name="browserquit" finished-at="2025-07-07T21:38:01 EDT" duration-ms="0" status="PASS">
          <reporter-output>
          </reporter-output>
        </test-method> <!-- browserquit -->
      </class> <!-- AirlineTestPkge.TC5_RoundTripPage -->
      <class name="AirlineTestPkge.TC13_ApplyPromo">
        <test-method is-config="true" signature="browserlaunch(java.lang.String)[pri:0, instance:AirlineTestPkge.TC13_ApplyPromo@385c9627]" started-at="2025-07-07T21:41:09 EDT" name="browserlaunch" finished-at="2025-07-07T21:41:12 EDT" duration-ms="3155" status="PASS">
          <params>
            <param index="0">
              <value>
                <![CDATA[Chrome]]>
              </value>
            </param>
          </params>
          <reporter-output>
            <line>
              <![CDATA[Chrome browser launching]]>
            </line>
          </reporter-output>
        </test-method> <!-- browserlaunch -->
        <test-method signature="TC13ApplyPromo()[pri:0, instance:AirlineTestPkge.TC13_ApplyPromo@385c9627]" started-at="2025-07-07T21:41:12 EDT" name="TC13ApplyPromo" finished-at="2025-07-07T21:41:32 EDT" duration-ms="20172" status="PASS">
          <reporter-output>
            <line>
              <![CDATA[One way selecte]]>
            </line>
            <line>
              <![CDATA[Source city: Dubai]]>
            </line>
            <line>
              <![CDATA[Destination city: Chennai]]>
            </line>
            <line>
              <![CDATA[switched to child window]]>
            </line>
            <line>
              <![CDATA[Verified promo codes]]>
            </line>
            <line>
              <![CDATA[Listener:Test is Pass]]>
            </line>
          </reporter-output>
        </test-method> <!-- TC13ApplyPromo -->
        <test-method is-config="true" signature="browserquit()[pri:0, instance:AirlineTestPkge.TC13_ApplyPromo@385c9627]" started-at="2025-07-07T21:41:32 EDT" name="browserquit" finished-at="2025-07-07T21:41:32 EDT" duration-ms="7" status="PASS">
          <reporter-output>
          </reporter-output>
        </test-method> <!-- browserquit -->
      </class> <!-- AirlineTestPkge.TC13_ApplyPromo -->
      <class name="AirlineTestPkge.TC6_TravelClassPage">
        <test-method is-config="true" signature="browserlaunch(java.lang.String)[pri:0, instance:AirlineTestPkge.TC6_TravelClassPage@6a78afa0]" started-at="2025-07-07T21:38:01 EDT" name="browserlaunch" finished-at="2025-07-07T21:38:04 EDT" duration-ms="2956" status="PASS">
          <params>
            <param index="0">
              <value>
                <![CDATA[Chrome]]>
              </value>
            </param>
          </params>
          <reporter-output>
            <line>
              <![CDATA[Chrome browser launching]]>
            </line>
          </reporter-output>
        </test-method> <!-- browserlaunch -->
        <test-method signature="TC6TravelClassPage()[pri:0, instance:AirlineTestPkge.TC6_TravelClassPage@6a78afa0]" started-at="2025-07-07T21:38:04 EDT" name="TC6TravelClassPage" finished-at="2025-07-07T21:38:14 EDT" duration-ms="9953" status="PASS">
          <reporter-output>
            <line>
              <![CDATA[One way selecte]]>
            </line>
            <line>
              <![CDATA[Source city: Chennai]]>
            </line>
            <line>
              <![CDATA[Destination city: Mumbai]]>
            </line>
            <line>
              <![CDATA[Economy selected]]>
            </line>
            <line>
              <![CDATA[Economy class results validated successfully.]]>
            </line>
            <line>
              <![CDATA[Listener:Test is Pass]]>
            </line>
          </reporter-output>
        </test-method> <!-- TC6TravelClassPage -->
        <test-method is-config="true" signature="browserquit()[pri:0, instance:AirlineTestPkge.TC6_TravelClassPage@6a78afa0]" started-at="2025-07-07T21:38:14 EDT" name="browserquit" finished-at="2025-07-07T21:38:14 EDT" duration-ms="0" status="PASS">
          <reporter-output>
          </reporter-output>
        </test-method> <!-- browserquit -->
      </class> <!-- AirlineTestPkge.TC6_TravelClassPage -->
      <class name="AirlineTestPkge.TC2_Login2">
        <test-method is-config="true" signature="browserlaunch(java.lang.String)[pri:0, instance:AirlineTestPkge.TC2_Login2@71d44a3]" started-at="2025-07-07T21:37:16 EDT" name="browserlaunch" finished-at="2025-07-07T21:37:21 EDT" duration-ms="4745" status="PASS">
          <params>
            <param index="0">
              <value>
                <![CDATA[Chrome]]>
              </value>
            </param>
          </params>
          <reporter-output>
            <line>
              <![CDATA[Chrome browser launching]]>
            </line>
          </reporter-output>
        </test-method> <!-- browserlaunch -->
        <test-method signature="TC2_LoginwithvalidCred()[pri:0, instance:AirlineTestPkge.TC2_Login2@71d44a3]" started-at="2025-07-07T21:37:21 EDT" name="TC2_LoginwithvalidCred" finished-at="2025-07-07T21:37:30 EDT" duration-ms="8785" status="PASS">
          <reporter-output>
            <line>
              <![CDATA[Successfully logged in Hi Sathiyaa]]>
            </line>
            <line>
              <![CDATA[Listener:Test is Pass]]>
            </line>
          </reporter-output>
        </test-method> <!-- TC2_LoginwithvalidCred -->
        <test-method is-config="true" signature="browserquit()[pri:0, instance:AirlineTestPkge.TC2_Login2@71d44a3]" started-at="2025-07-07T21:37:30 EDT" name="browserquit" finished-at="2025-07-07T21:37:30 EDT" duration-ms="15" status="PASS">
          <reporter-output>
          </reporter-output>
        </test-method> <!-- browserquit -->
      </class> <!-- AirlineTestPkge.TC2_Login2 -->
      <class name="AirlineTestPkge.TC12_LoginLogout">
        <test-method is-config="true" signature="browserlaunch(java.lang.String)[pri:0, instance:AirlineTestPkge.TC12_LoginLogout@6989da5e]" started-at="2025-07-07T21:40:29 EDT" name="browserlaunch" finished-at="2025-07-07T21:40:32 EDT" duration-ms="2946" status="PASS">
          <params>
            <param index="0">
              <value>
                <![CDATA[Chrome]]>
              </value>
            </param>
          </params>
          <reporter-output>
            <line>
              <![CDATA[Chrome browser launching]]>
            </line>
          </reporter-output>
        </test-method> <!-- browserlaunch -->
        <test-method retried="true" signature="TC12LoginLogout()[pri:0, instance:AirlineTestPkge.TC12_LoginLogout@6989da5e]" started-at="2025-07-07T21:40:32 EDT" name="TC12LoginLogout" finished-at="2025-07-07T21:40:40 EDT" duration-ms="8093" status="SKIP">
          <exception class="org.openqa.selenium.StaleElementReferenceException">
            <message>
              <![CDATA[stale element reference: stale element not found
  (Session info: chrome=137.0.7151.122)
For documentation on this error, please visit: https://www.selenium.dev/documentation/webdriver/troubleshooting/errors#stale-element-reference-exception
Build info: version: '4.20.0', revision: '866c76ca80'
System info: os.name: 'Windows 11', os.arch: 'amd64', os.version: '10.0', java.version: '23.0.2'
Driver info: org.openqa.selenium.chrome.ChromeDriver
Command: [c19e6f73eab7e24dd31c82460b56b231, isElementDisplayed {id=f.D6C3C4C9C9379E551198378179D764E3.d.83A98005EC22A2B840532D2A110A374B.e.94}]
Capabilities {acceptInsecureCerts: false, browserName: chrome, browserVersion: 137.0.7151.122, chrome: {chromedriverVersion: 137.0.7151.119 (e0ac9d12dff..., userDataDir: C:\Users\anbuj\AppData\Loca...}, fedcm:accounts: true, goog:chromeOptions: {debuggerAddress: localhost:61111}, networkConnectionEnabled: false, pageLoadStrategy: normal, platformName: windows, proxy: Proxy(), se:cdp: ws://localhost:61111/devtoo..., se:cdpVersion: 137.0.7151.122, setWindowRect: true, strictFileInteractability: false, timeouts: {implicit: 0, pageLoad: 300000, script: 30000}, unhandledPromptBehavior: dismiss and notify, webauthn:extension:credBlob: true, webauthn:extension:largeBlob: true, webauthn:extension:minPinLength: true, webauthn:extension:prf: true, webauthn:virtualAuthenticators: true}
Element: [[ChromeDriver: chrome on windows (c19e6f73eab7e24dd31c82460b56b231)] -> xpath: //p[@class='appendBottom3 truncate font11 lineHeight16 whiteText']]
Session ID: c19e6f73eab7e24dd31c82460b56b231]]>
            </message>
            <full-stacktrace>
              <![CDATA[org.openqa.selenium.StaleElementReferenceException: stale element reference: stale element not found
  (Session info: chrome=137.0.7151.122)
For documentation on this error, please visit: https://www.selenium.dev/documentation/webdriver/troubleshooting/errors#stale-element-reference-exception
Build info: version: '4.20.0', revision: '866c76ca80'
System info: os.name: 'Windows 11', os.arch: 'amd64', os.version: '10.0', java.version: '23.0.2'
Driver info: org.openqa.selenium.chrome.ChromeDriver
Command: [c19e6f73eab7e24dd31c82460b56b231, isElementDisplayed {id=f.D6C3C4C9C9379E551198378179D764E3.d.83A98005EC22A2B840532D2A110A374B.e.94}]
Capabilities {acceptInsecureCerts: false, browserName: chrome, browserVersion: 137.0.7151.122, chrome: {chromedriverVersion: 137.0.7151.119 (e0ac9d12dff..., userDataDir: C:\Users\anbuj\AppData\Loca...}, fedcm:accounts: true, goog:chromeOptions: {debuggerAddress: localhost:61111}, networkConnectionEnabled: false, pageLoadStrategy: normal, platformName: windows, proxy: Proxy(), se:cdp: ws://localhost:61111/devtoo..., se:cdpVersion: 137.0.7151.122, setWindowRect: true, strictFileInteractability: false, timeouts: {implicit: 0, pageLoad: 300000, script: 30000}, unhandledPromptBehavior: dismiss and notify, webauthn:extension:credBlob: true, webauthn:extension:largeBlob: true, webauthn:extension:minPinLength: true, webauthn:extension:prf: true, webauthn:virtualAuthenticators: true}
Element: [[ChromeDriver: chrome on windows (c19e6f73eab7e24dd31c82460b56b231)] -> xpath: //p[@class='appendBottom3 truncate font11 lineHeight16 whiteText']]
Session ID: c19e6f73eab7e24dd31c82460b56b231
at java.base/jdk.internal.reflect.DirectConstructorHandleAccessor.newInstance(DirectConstructorHandleAccessor.java:62)
at java.base/java.lang.reflect.Constructor.newInstanceWithCaller(Constructor.java:501)
at java.base/java.lang.reflect.Constructor.newInstance(Constructor.java:485)
at org.openqa.selenium.remote.ErrorCodec.decode(ErrorCodec.java:167)
at org.openqa.selenium.remote.codec.w3c.W3CHttpResponseCodec.decode(W3CHttpResponseCodec.java:138)
at org.openqa.selenium.remote.codec.w3c.W3CHttpResponseCodec.decode(W3CHttpResponseCodec.java:50)
at org.openqa.selenium.remote.HttpCommandExecutor.execute(HttpCommandExecutor.java:190)
at org.openqa.selenium.remote.service.DriverCommandExecutor.invokeExecute(DriverCommandExecutor.java:216)
at org.openqa.selenium.remote.service.DriverCommandExecutor.execute(DriverCommandExecutor.java:174)
at org.openqa.selenium.remote.RemoteWebDriver.execute(RemoteWebDriver.java:518)
at org.openqa.selenium.remote.RemoteWebElement.execute(RemoteWebElement.java:223)
at org.openqa.selenium.remote.RemoteWebElement.isDisplayed(RemoteWebElement.java:282)
at java.base/jdk.internal.reflect.DirectMethodHandleAccessor.invoke(DirectMethodHandleAccessor.java:103)
at java.base/java.lang.reflect.Method.invoke(Method.java:580)
at org.openqa.selenium.support.pagefactory.internal.LocatingElementHandler.invoke(LocatingElementHandler.java:51)
at jdk.proxy2/jdk.proxy2.$Proxy13.isDisplayed(Unknown Source)
at org.openqa.selenium.support.ui.ExpectedConditions.elementIfVisible(ExpectedConditions.java:304)
at org.openqa.selenium.support.ui.ExpectedConditions$10.apply(ExpectedConditions.java:290)
at org.openqa.selenium.support.ui.ExpectedConditions$10.apply(ExpectedConditions.java:287)
at org.openqa.selenium.support.ui.ExpectedConditions$23.apply(ExpectedConditions.java:656)
at org.openqa.selenium.support.ui.ExpectedConditions$23.apply(ExpectedConditions.java:652)
at org.openqa.selenium.support.ui.FluentWait.until(FluentWait.java:203)
at AirlinePackage.AirlineHomePage.verifylogin(AirlineHomePage.java:71)
at AirlineTestPkge.TC12_LoginLogout.TC12LoginLogout(TC12_LoginLogout.java:30)
at java.base/jdk.internal.reflect.DirectMethodHandleAccessor.invoke(DirectMethodHandleAccessor.java:103)
at java.base/java.lang.reflect.Method.invoke(Method.java:580)
at org.testng.internal.invokers.MethodInvocationHelper.invokeMethod(MethodInvocationHelper.java:141)
at org.testng.internal.invokers.TestInvoker.invokeMethod(TestInvoker.java:687)
at org.testng.internal.invokers.TestInvoker.invokeTestMethod(TestInvoker.java:230)
at org.testng.internal.invokers.MethodRunner.runInSequence(MethodRunner.java:63)
at org.testng.internal.invokers.TestInvoker$MethodInvocationAgent.invoke(TestInvoker.java:995)
at org.testng.internal.invokers.TestInvoker.invokeTestMethods(TestInvoker.java:203)
at org.testng.internal.invokers.TestMethodWorker.invokeTestMethods(TestMethodWorker.java:154)
at org.testng.internal.invokers.TestMethodWorker.run(TestMethodWorker.java:134)
at java.base/java.util.ArrayList.forEach(ArrayList.java:1597)
at org.testng.TestRunner.privateRun(TestRunner.java:741)
at org.testng.TestRunner.run(TestRunner.java:616)
at org.testng.SuiteRunner.runTest(SuiteRunner.java:421)
at org.testng.SuiteRunner.runSequentially(SuiteRunner.java:413)
at org.testng.SuiteRunner.privateRun(SuiteRunner.java:373)
at org.testng.SuiteRunner.run(SuiteRunner.java:312)
at org.testng.SuiteRunnerWorker.runSuite(SuiteRunnerWorker.java:52)
at org.testng.SuiteRunnerWorker.run(SuiteRunnerWorker.java:95)
at org.testng.TestNG.runSuitesSequentially(TestNG.java:1274)
at org.testng.TestNG.runSuitesLocally(TestNG.java:1208)
at org.testng.TestNG.runSuites(TestNG.java:1112)
at org.testng.TestNG.run(TestNG.java:1079)
at org.apache.maven.surefire.testng.TestNGExecutor.run(TestNGExecutor.java:308)
at org.apache.maven.surefire.testng.TestNGXmlTestSuite.execute(TestNGXmlTestSuite.java:71)
at org.apache.maven.surefire.testng.TestNGProvider.invoke(TestNGProvider.java:113)
at org.apache.maven.surefire.booter.ForkedBooter.runSuitesInProcess(ForkedBooter.java:385)
at org.apache.maven.surefire.booter.ForkedBooter.execute(ForkedBooter.java:162)
at org.apache.maven.surefire.booter.ForkedBooter.run(ForkedBooter.java:507)
at org.apache.maven.surefire.booter.ForkedBooter.main(ForkedBooter.java:495)
]]>
            </full-stacktrace>
          </exception> <!-- org.openqa.selenium.StaleElementReferenceException -->
          <reporter-output>
            <line>
              <![CDATA[Listener:Test is skiped]]>
            </line>
          </reporter-output>
        </test-method> <!-- TC12LoginLogout -->
        <test-method is-config="true" signature="browserquit()[pri:0, instance:AirlineTestPkge.TC12_LoginLogout@6989da5e]" started-at="2025-07-07T21:40:41 EDT" name="browserquit" finished-at="2025-07-07T21:40:41 EDT" duration-ms="0" status="PASS">
          <reporter-output>
          </reporter-output>
        </test-method> <!-- browserquit -->
        <test-method is-config="true" signature="browserlaunch(java.lang.String)[pri:0, instance:AirlineTestPkge.TC12_LoginLogout@6989da5e]" started-at="2025-07-07T21:40:41 EDT" name="browserlaunch" finished-at="2025-07-07T21:40:44 EDT" duration-ms="3383" status="PASS">
          <params>
            <param index="0">
              <value>
                <![CDATA[Chrome]]>
              </value>
            </param>
          </params>
          <reporter-output>
            <line>
              <![CDATA[Chrome browser launching]]>
            </line>
          </reporter-output>
        </test-method> <!-- browserlaunch -->
        <test-method signature="TC12LoginLogout()[pri:0, instance:AirlineTestPkge.TC12_LoginLogout@6989da5e]" started-at="2025-07-07T21:40:44 EDT" name="TC12LoginLogout" finished-at="2025-07-07T21:41:09 EDT" duration-ms="24692" status="PASS">
          <reporter-output>
            <line>
              <![CDATA[Successfully logged in Hi Sathiyaa]]>
            </line>
            <line>
              <![CDATA[Listener:Test is Pass]]>
            </line>
          </reporter-output>
        </test-method> <!-- TC12LoginLogout -->
        <test-method is-config="true" signature="browserquit()[pri:0, instance:AirlineTestPkge.TC12_LoginLogout@6989da5e]" started-at="2025-07-07T21:41:09 EDT" name="browserquit" finished-at="2025-07-07T21:41:09 EDT" duration-ms="0" status="PASS">
          <reporter-output>
          </reporter-output>
        </test-method> <!-- browserquit -->
      </class> <!-- AirlineTestPkge.TC12_LoginLogout -->
      <class name="AirlineTestPkge.TC7_MutliCityPage">
        <test-method is-config="true" signature="browserlaunch(java.lang.String)[pri:0, instance:AirlineTestPkge.TC7_MutliCityPage@2f4948e4]" started-at="2025-07-07T21:38:14 EDT" name="browserlaunch" finished-at="2025-07-07T21:38:18 EDT" duration-ms="3622" status="PASS">
          <params>
            <param index="0">
              <value>
                <![CDATA[Chrome]]>
              </value>
            </param>
          </params>
          <reporter-output>
            <line>
              <![CDATA[Chrome browser launching]]>
            </line>
          </reporter-output>
        </test-method> <!-- browserlaunch -->
        <test-method signature="TC7MutliCityPage()[pri:0, instance:AirlineTestPkge.TC7_MutliCityPage@2f4948e4]" started-at="2025-07-07T21:38:18 EDT" name="TC7MutliCityPage" finished-at="2025-07-07T21:38:31 EDT" duration-ms="13861" status="PASS">
          <reporter-output>
            <line>
              <![CDATA[MutliCity Select]]>
            </line>
            <line>
              <![CDATA[First Source to Destination city Chennai toDubai]]>
            </line>
            <line>
              <![CDATA[Second Source to Destination city Dubai toChennai]]>
            </line>
            <line>
              <![CDATA[Listener:Test is Pass]]>
            </line>
          </reporter-output>
        </test-method> <!-- TC7MutliCityPage -->
        <test-method is-config="true" signature="browserquit()[pri:0, instance:AirlineTestPkge.TC7_MutliCityPage@2f4948e4]" started-at="2025-07-07T21:38:32 EDT" name="browserquit" finished-at="2025-07-07T21:38:32 EDT" duration-ms="0" status="PASS">
          <reporter-output>
          </reporter-output>
        </test-method> <!-- browserquit -->
      </class> <!-- AirlineTestPkge.TC7_MutliCityPage -->
      <class name="AirlineTestPkge.TC11_validateafterBooking">
        <test-method is-config="true" signature="browserlaunch(java.lang.String)[pri:0, instance:AirlineTestPkge.TC11_validateafterBooking@5aa9e4eb]" started-at="2025-07-07T21:40:05 EDT" name="browserlaunch" finished-at="2025-07-07T21:40:09 EDT" duration-ms="3959" status="PASS">
          <params>
            <param index="0">
              <value>
                <![CDATA[Chrome]]>
              </value>
            </param>
          </params>
          <reporter-output>
            <line>
              <![CDATA[Chrome browser launching]]>
            </line>
          </reporter-output>
        </test-method> <!-- browserlaunch -->
        <test-method signature="TC11validateAfterBook()[pri:0, instance:AirlineTestPkge.TC11_validateafterBooking@5aa9e4eb]" started-at="2025-07-07T21:40:09 EDT" name="TC11validateAfterBook" finished-at="2025-07-07T21:40:29 EDT" duration-ms="19895" status="PASS">
          <reporter-output>
            <line>
              <![CDATA[One way selecte]]>
            </line>
            <line>
              <![CDATA[Source city: Dubai]]>
            </line>
            <line>
              <![CDATA[Destination city: Chennai]]>
            </line>
            <line>
              <![CDATA[switched to child window]]>
            </line>
            <line>
              <![CDATA[Listener:Test is Pass]]>
            </line>
          </reporter-output>
        </test-method> <!-- TC11validateAfterBook -->
        <test-method is-config="true" signature="browserquit()[pri:0, instance:AirlineTestPkge.TC11_validateafterBooking@5aa9e4eb]" started-at="2025-07-07T21:40:29 EDT" name="browserquit" finished-at="2025-07-07T21:40:29 EDT" duration-ms="1" status="PASS">
          <reporter-output>
          </reporter-output>
        </test-method> <!-- browserquit -->
      </class> <!-- AirlineTestPkge.TC11_validateafterBooking -->
      <class name="AirlineTestPkge.TC4_OnewayPage">
        <test-method is-config="true" signature="browserlaunch(java.lang.String)[pri:0, instance:AirlineTestPkge.TC4_OnewayPage@7e6f74c]" started-at="2025-07-07T21:37:37 EDT" name="browserlaunch" finished-at="2025-07-07T21:37:40 EDT" duration-ms="3050" status="PASS">
          <params>
            <param index="0">
              <value>
                <![CDATA[Chrome]]>
              </value>
            </param>
          </params>
          <reporter-output>
            <line>
              <![CDATA[Chrome browser launching]]>
            </line>
          </reporter-output>
        </test-method> <!-- browserlaunch -->
        <test-method signature="TC4OnewayPage()[pri:0, instance:AirlineTestPkge.TC4_OnewayPage@7e6f74c]" started-at="2025-07-07T21:37:40 EDT" name="TC4OnewayPage" finished-at="2025-07-07T21:37:49 EDT" duration-ms="8720" status="PASS">
          <reporter-output>
            <line>
              <![CDATA[One way selecte]]>
            </line>
            <line>
              <![CDATA[Source city: Dubai]]>
            </line>
            <line>
              <![CDATA[Destination city: Chennai]]>
            </line>
            <line>
              <![CDATA[Listener:Test is Pass]]>
            </line>
          </reporter-output>
        </test-method> <!-- TC4OnewayPage -->
        <test-method is-config="true" signature="browserquit()[pri:0, instance:AirlineTestPkge.TC4_OnewayPage@7e6f74c]" started-at="2025-07-07T21:37:49 EDT" name="browserquit" finished-at="2025-07-07T21:37:49 EDT" duration-ms="0" status="PASS">
          <reporter-output>
          </reporter-output>
        </test-method> <!-- browserquit -->
      </class> <!-- AirlineTestPkge.TC4_OnewayPage -->
      <class name="AirlineTestPkge.TC8_SeatSelection_test2">
        <test-method is-config="true" signature="browserlaunch(java.lang.String)[pri:0, instance:AirlineTestPkge.TC8_SeatSelection_test2@1f2586d6]" started-at="2025-07-07T21:38:32 EDT" name="browserlaunch" finished-at="2025-07-07T21:38:35 EDT" duration-ms="3857" status="PASS">
          <params>
            <param index="0">
              <value>
                <![CDATA[Chrome]]>
              </value>
            </param>
          </params>
          <reporter-output>
            <line>
              <![CDATA[Chrome browser launching]]>
            </line>
          </reporter-output>
        </test-method> <!-- browserlaunch -->
        <test-method signature="TC8SeatSelection()[pri:0, instance:AirlineTestPkge.TC8_SeatSelection_test2@1f2586d6]" started-at="2025-07-07T21:38:35 EDT" name="TC8SeatSelection" finished-at="2025-07-07T21:39:36 EDT" duration-ms="60806" status="PASS">
          <reporter-output>
            <line>
              <![CDATA[One way selecte]]>
            </line>
            <line>
              <![CDATA[Source city: Chennai]]>
            </line>
            <line>
              <![CDATA[Destination city: Mumbai]]>
            </line>
            <line>
              <![CDATA[switched to child window]]>
            </line>
            <line>
              <![CDATA[Seat select & cliked Continue]]>
            </line>
            <line>
              <![CDATA[Proceed btn clicked]]>
            </line>
            <line>
              <![CDATA[Listener:Test is Pass]]>
            </line>
          </reporter-output>
        </test-method> <!-- TC8SeatSelection -->
        <test-method is-config="true" signature="browserquit()[pri:0, instance:AirlineTestPkge.TC8_SeatSelection_test2@1f2586d6]" started-at="2025-07-07T21:39:36 EDT" name="browserquit" finished-at="2025-07-07T21:39:36 EDT" duration-ms="16" status="PASS">
          <reporter-output>
          </reporter-output>
        </test-method> <!-- browserquit -->
      </class> <!-- AirlineTestPkge.TC8_SeatSelection_test2 -->
    </test> <!-- AirlineTest -->
  </suite> <!-- MMT Suite -->
</testng-results>
