<?xml version="1.0" encoding="UTF-8"?>
<!-- Generated by org.testng.reporters.JUnitXMLReporter -->
<testsuite ignored="0" hostname="Jashwin-PC" failures="0" tests="15" name="AirlineTest" time="344.033" errors="0" timestamp="2025-07-07T21:43:00 EDT">
  <testcase classname="AirlineTestPkge.TC2_Login2" name="TC2_LoginwithvalidCred" time="8.785"/>
  <testcase classname="AirlineTestPkge.TC3_InvalidLoginPage" name="TC3InvalidLoginPage" time="1.926"/>
  <testcase classname="AirlineTestPkge.TC4_OnewayPage" name="TC4OnewayPage" time="8.72"/>
  <testcase classname="AirlineTestPkge.TC5_RoundTripPage" name="TC5RoundTripPage" time="8.667"/>
  <testcase classname="AirlineTestPkge.TC6_TravelClassPage" name="TC6TravelClassPage" time="9.953"/>
  <testcase classname="AirlineTestPkge.TC7_MutliCityPage" name="TC7MutliCityPage" time="13.861"/>
  <testcase classname="AirlineTestPkge.TC8_SeatSelection_test2" name="TC8SeatSelection" time="60.806"/>
  <testcase classname="AirlineTestPkge.TC9_PassangerMultiplePage2" name="TC9MultPassngSigleBooking" time="9.749"/>
  <testcase classname="AirlineTestPkge.TC10_ValidateFlightInformation" name="TC10ValidateFlightInformation" time="12.198"/>
  <testcase classname="AirlineTestPkge.TC11_validateafterBooking" name="TC11validateAfterBook" time="19.895"/>
  <testcase classname="AirlineTestPkge.TC12_LoginLogout" name="TC12LoginLogout" time="8.093">
    <skipped/>
  </testcase> <!-- TC12LoginLogout -->
  <testcase classname="AirlineTestPkge.TC12_LoginLogout" name="TC12LoginLogout" time="24.692"/>
  <testcase classname="AirlineTestPkge.TC13_ApplyPromo" name="TC13ApplyPromo" time="20.172"/>
  <testcase classname="AirlineTestPkge.TC14_DomesticRoundTrip" name="TC14DomesticRoundTripPage" time="7.686"/>
  <testcase classname="AirlineTestPkge.TC15_PaymentPage" name="TC15PaymentPage" time="73.158"/>
</testsuite> <!-- AirlineTest -->
