<?xml version="1.0" encoding="UTF-8"?>
<!-- Generated by org.testng.reporters.JUnitXMLReporter -->
<testsuite ignored="0" hostname="Jashwin-PC" failures="0" tests="2" name="ChromeTest" time="31.119" errors="0" timestamp="2025-07-01T18:51:35 EDT">
  <testcase classname="AirlineTestPkge.TC4_OnewayPage" name="TC4OnewayPage" time="8.748">
    <skipped/>
  </testcase> <!-- TC4OnewayPage -->
  <testcase classname="AirlineTestPkge.TC4_OnewayPage" name="TC4OnewayPage" time="10.395"/>
</testsuite> <!-- ChromeTest -->
